 COMPUTATIONAL STATISTICS OF THE INDEX 3 ANDREW SQUEEZING PROBLEM USING  MEBDFI

 NUMBER OF EQUATIONS :   27
  
 RESULT WITH THE FOLLOWING TOL :
 RTOL = 0.100000000000000019E-01 
 ATOL = 0.100000000000000019E-01 


 KFLAG = -3 FROM INTEGRATOR AT T =    .96355305E-02
  CORRECTOR CONVERGENCE COULD NOT BE ACHIEVED

 
 NUMERICAL SOLUTION
 
                                               SCD
     SOLUTION COMPONENT                  -------------    IGNOR
                                         ABS        REL 
  1     .1523143166501313E+02             .24       1.44       
  2    -.1503931170171998E+02             .14       1.34       
  3     .7575882722457576E-01            1.46        .07       
  4    -.4735787222115790E+00            1.21        .94       
  5     .5256629382288583E+00            2.90       2.62       
  6     .4735843615037846E+00            1.21        .94       
  7     .1050850785903197E+01            2.56       2.58       
  8     .1027034454060408E+04           -2.05       1.00      Y
  9    -.1263194219292595E+04           -2.21        .95      Y
 10    -.1264655597638824E+03           -2.14      -1.10      Y
 11    -.2196982569745112E+03           -2.38      -1.09      Y
 12    -.3643123245307609E+01            -.62       -.87      Y
 13     .2191927857418893E+03           -2.38      -1.09      Y
 14    -.1349722794124247E+02           -1.14      -1.63      Y
 15     .3641995136926067E+06           -5.59      -1.20      Y
 16    -.5716633031334911E+06           -5.79      -1.08      Y
 17     .1753191617930463E+06           -5.17        .34      Y
 18     .3061665644556148E+06           -5.42        .34      Y
 19    -.7411589188693371E+04           -4.38       -.16      Y
 20    -.3116320973958905E+06           -5.41        .35      Y
 21     .5564446893357309E+05           -4.66       -.67      Y
 22     .1338329049776353E+03           -1.82        .48      Y
 23    -.9682149471924426E+01           -1.30        .17      Y
 24     .1360681992985961E+02            -.98        .39      Y
 25    -.1014758237766770E+02           -1.62       -.12      Y
 26     .1486979361923063E+02            -.89        .46      Y
 27     .5786798155954842E+02           -1.67       -.60      Y
 
USED COMPONENTS FOR SCD                     7          7
SCD OF Y (MAXIMUM NORM)                   .14        .07
SCD OF Y (EUCLIDIAN NORM)                 .03        .14
USING RELATIVE ERROR YIELDS SCD :                    .07
 
 LAST STEP SIZE                         .413895D-03
 LAST ORDER OF THE METHOD                      2
 MAXIMUM ORDER USED SO FAR                     2
 TOTAL NUMBER OF STEPS TAKEN                  46
 TOTAL NUMBER OF FAILED STEPS                 11
 NUMBER OF RESIDUAL EVALUATIONS              215
 NUMBER OF JACOBIAN EVALUATIONS               19
 NUMBER OF FACTORIZATION                      19
 NUMBER OF BACKSOLVES                        214
 NUMBER OF CORRECT DIGITS                    .07
 CPU TIME                                  .1000
 ---------------------------------------------
 RESULT WITH THE FOLLOWING TOL :
 RTOL = 0.316227766016837983E-02 
 ATOL = 0.316227766016837983E-02 


 KFLAG = -3 FROM INTEGRATOR AT T =    .11335477E-01
  CORRECTOR CONVERGENCE COULD NOT BE ACHIEVED

 
 NUMERICAL SOLUTION
 
                                               SCD
     SOLUTION COMPONENT                  -------------    IGNOR
                                         ABS        REL 
  1     .1339351030749255E+02            -.38        .82       
  2    -.1322432612240798E+02            -.40        .79       
  3     .3955168492188950E+00             .45       -.94       
  4     .1047173623443344E+00             .19       -.08       
  5     .4995224715606662E+00            1.60       1.32       
  6    -.1047244459752248E+00             .19       -.08       
  7     .1187443260772901E+01             .86        .88       
  8     .5044756352706580E+03           -2.80        .25      Y
  9    -.3884848596975333E+03           -3.02        .14      Y
 10    -.6313283632448934E+02           -1.87       -.83      Y
 11    -.1219108775042024E+03           -2.15       -.86      Y
 12     .1139487870158515E+02           -1.03      -1.28      Y
 13     .1217747935598840E+03           -2.15       -.86      Y
 14    -.4274057397798438E+02           -1.63      -2.12      Y
 15     .8766073829679131E+05           -5.05       -.66      Y
 16    -.1113835158200013E+06           -5.21       -.50      Y
 17    -.3710967407353200E+05           -5.56       -.05      Y
 18    -.6630536912405936E+05           -5.80       -.05      Y
 19     .3657228786827511E+04           -4.12        .11      Y
 20     .6579112589518668E+05           -5.80       -.05      Y
 21    -.1925545737103006E+05           -4.46       -.47      Y
 22     .6163989956304111E+02           -2.14        .16      Y
 23     .1921954669965434E+02           -1.69       -.22      Y
 24    -.5240284439986401E+01           -1.45       -.09      Y
 25     .4317651119794909E+01           -1.43        .06      Y
 26    -.1022183576064220E+02           -1.52       -.16      Y
 27    -.1653823155283144E+02           -1.45       -.38      Y
 
USED COMPONENTS FOR SCD                     7          7
SCD OF Y (MAXIMUM NORM)                  -.40       -.94
SCD OF Y (EUCLIDIAN NORM)                -.56      -2.18
USING RELATIVE ERROR YIELDS SCD :                   -.94
 
 LAST STEP SIZE                         .868617D-03
 LAST ORDER OF THE METHOD                      3
 MAXIMUM ORDER USED SO FAR                     4
 TOTAL NUMBER OF STEPS TAKEN                  63
 TOTAL NUMBER OF FAILED STEPS                  9
 NUMBER OF RESIDUAL EVALUATIONS              258
 NUMBER OF JACOBIAN EVALUATIONS               18
 NUMBER OF FACTORIZATION                      18
 NUMBER OF BACKSOLVES                        257
 NUMBER OF CORRECT DIGITS                   -.94
 CPU TIME                                  .0900
 ---------------------------------------------
 RESULT WITH THE FOLLOWING TOL :
 RTOL = 0.100000000000000024E-02 
 ATOL = 0.100000000000000024E-02 
 
 NUMERICAL SOLUTION
 
                                               SCD
     SOLUTION COMPONENT                  -------------    IGNOR
                                         ABS        REL 
  1     .1501404214042887E+02             .10       1.30       
  2    -.1477782424672930E+02             .01       1.21       
  3     .1071218450482502E+00            1.18       -.21       
  4    -.4188413001865590E+00             .94        .66       
  5     .5260950489979170E+00            2.77       2.49       
  6     .4188361087839977E+00             .94        .66       
  7     .1055581562371222E+01            2.12       2.15       
  8     .9407996658564401E+03           -2.30        .76      Y
  9    -.1106011877733492E+04           -2.50        .65      Y
 10    -.1506382734307372E+03           -2.21      -1.17      Y
 11    -.2635551922378831E+03           -2.45      -1.17      Y
 12     .8072132938393180E-01             .31        .07      Y
 13     .2635676814022540E+03           -2.45      -1.17      Y
 14    -.2940055681188307E+02           -1.47      -1.96      Y
 15     .3207564132474536E+06           -5.54      -1.15      Y
 16    -.5761500280569190E+06           -5.80      -1.08      Y
 17     .9154808548590651E+05           -5.37        .14      Y
 18     .1638020518331201E+06           -5.61        .15      Y
 19    -.1729979743078616E+05           -4.53       -.31      Y
 20    -.1636730532222838E+06           -5.61        .15      Y
 21     .7130804888910556E+05           -4.79       -.80      Y
 22     .9860537805600885E+02           -2.00        .30      Y
 23    -.1682045275970571E+02           -1.11        .36      Y
 24     .8745504491339783E+01           -1.16        .21      Y
 25    -.2775572901346072E+02           -1.77       -.27      Y
 26     .1160061885426852E+02           -1.04        .31      Y
 27     .7433776878272469E+02           -1.80       -.73      Y
 
USED COMPONENTS FOR SCD                     7          7
SCD OF Y (MAXIMUM NORM)                  -.40       -.21
SCD OF Y (EUCLIDIAN NORM)                -.11       -.50
USING RELATIVE ERROR YIELDS SCD :                   -.21
 
 LAST STEP SIZE                         .346843D-03
 LAST ORDER OF THE METHOD                      3
 MAXIMUM ORDER USED SO FAR                     3
 TOTAL NUMBER OF STEPS TAKEN                  80
 TOTAL NUMBER OF FAILED STEPS                 11
 NUMBER OF RESIDUAL EVALUATIONS              350
 NUMBER OF JACOBIAN EVALUATIONS               22
 NUMBER OF FACTORIZATION                      22
 NUMBER OF BACKSOLVES                        349
 NUMBER OF CORRECT DIGITS                   -.21
 CPU TIME                                  .1300
 ---------------------------------------------
 RESULT WITH THE FOLLOWING TOL :
 RTOL = 0.316227766016837994E-03 
 ATOL = 0.316227766016837994E-03 


 KFLAG = -3 FROM INTEGRATOR AT T =    .11460017E-01
  CORRECTOR CONVERGENCE COULD NOT BE ACHIEVED

 
 NUMERICAL SOLUTION
 
                                               SCD
     SOLUTION COMPONENT                  -------------    IGNOR
                                         ABS        REL 
  1     .1509897373271142E+02             .15       1.35       
  2    -.1487861397064834E+02             .06       1.25       
  3     .9399592452691251E-01            1.27       -.11       
  4    -.4417947163639282E+00            1.03        .76       
  5     .5260155660466591E+00            2.79       2.51       
  6     .4417934828024749E+00            1.03        .76       
  7     .1053295723176605E+01            2.28       2.30       
  8     .9652901737084255E+03           -2.24        .81      Y
  9    -.1150832570359477E+04           -2.44        .72      Y
 10    -.1435640487483175E+03           -2.19      -1.15      Y
 11    -.2509923656377408E+03           -2.43      -1.15      Y
 12    -.1332438768780329E+01            -.28       -.52      Y
 13     .2509937338483275E+03           -2.43      -1.15      Y
 14    -.2357249973255428E+02           -1.38      -1.87      Y
 15     .3111108973218697E+06           -5.53      -1.13      Y
 16    -.5494862570284562E+06           -5.78      -1.06      Y
 17     .1076444025533071E+06           -5.34        .18      Y
 18     .1908876257185726E+06           -5.58        .18      Y
 19    -.1443556230727754E+05           -4.49       -.27      Y
 20    -.1906162960555522E+06           -5.58        .18      Y
 21     .6585376139760956E+05           -4.75       -.76      Y
 22     .1048930102521970E+03           -1.97        .32      Y
 23    -.1646868128057621E+02           -1.12        .35      Y
 24     .8458179417326944E+01           -1.16        .20      Y
 25    -.2342927553969041E+02           -1.74       -.24      Y
 26     .1102994031487087E+02           -1.06        .29      Y
 27     .6914683888773924E+02           -1.76       -.69      Y
 
USED COMPONENTS FOR SCD                     7          7
SCD OF Y (MAXIMUM NORM)                  -.40       -.11
SCD OF Y (EUCLIDIAN NORM)                -.06       -.28
USING RELATIVE ERROR YIELDS SCD :                   -.11
 
 LAST STEP SIZE                         .245671D-03
 LAST ORDER OF THE METHOD                      4
 MAXIMUM ORDER USED SO FAR                     4
 TOTAL NUMBER OF STEPS TAKEN                  94
 TOTAL NUMBER OF FAILED STEPS                 11
 NUMBER OF RESIDUAL EVALUATIONS              416
 NUMBER OF JACOBIAN EVALUATIONS               22
 NUMBER OF FACTORIZATION                      22
 NUMBER OF BACKSOLVES                        415
 NUMBER OF CORRECT DIGITS                   -.11
 CPU TIME                                  .1500
 ---------------------------------------------
 RESULT WITH THE FOLLOWING TOL :
 RTOL = 0.100000000000000018E-03 
 ATOL = 0.100000000000000018E-03 
 
 NUMERICAL SOLUTION
 
                                               SCD
     SOLUTION COMPONENT                  -------------    IGNOR
                                         ABS        REL 
  1     .1539419924046632E+02             .38       1.58       
  2    -.1523743412669120E+02             .28       1.48       
  3     .5816437413365114E-01            1.76        .37       
  4    -.5044158271234085E+00            1.52       1.25       
  5     .5251834920467262E+00            3.11       2.83       
  6     .5044158335526810E+00            1.52       1.25       
  7     .1048993000381211E+01            3.04       3.06       
  8     .1069933935291780E+04           -1.85       1.21      Y
  9    -.1320100865355299E+04           -2.02       1.14      Y
 10    -.9782479726502034E+02           -2.04       -.99      Y
 11    -.1709492362142959E+03           -2.28       -.99      Y
 12    -.3656503674342112E+01            -.63       -.87      Y
 13     .1709502102858310E+03           -2.28       -.99      Y
 14    -.7370566124733291E+01            -.89      -1.38      Y
 15     .2957639934940043E+06           -5.51      -1.11      Y
 16    -.4708144723614563E+06           -5.72      -1.00      Y
 17     .2281234475386873E+06           -4.98        .53      Y
 18     .3985484802353444E+06           -5.23        .53      Y
 19     .1501550513873859E+04           -4.18        .04      Y
 20    -.3985272066544771E+06           -5.23        .53      Y
 21     .3925393661349709E+05           -4.47       -.48      Y
 22     .1562474448102294E+03           -1.63        .67      Y
 23    -.1443074773562444E+02           -1.19        .29      Y
 24     .1579875103940364E+02            -.86        .50      Y
 25     .4211484198372584E+01           -1.44        .06      Y
 26     .1656798785275337E+02            -.78        .57      Y
 27     .4258297528968254E+02           -1.49       -.43      Y
 
USED COMPONENTS FOR SCD                     7          7
SCD OF Y (MAXIMUM NORM)                  -.40        .37
SCD OF Y (EUCLIDIAN NORM)                 .18        .83
USING RELATIVE ERROR YIELDS SCD :                    .37
 
 LAST STEP SIZE                         .204121D-03
 LAST ORDER OF THE METHOD                      4
 MAXIMUM ORDER USED SO FAR                     5
 TOTAL NUMBER OF STEPS TAKEN                 108
 TOTAL NUMBER OF FAILED STEPS                 10
 NUMBER OF RESIDUAL EVALUATIONS              466
 NUMBER OF JACOBIAN EVALUATIONS               23
 NUMBER OF FACTORIZATION                      23
 NUMBER OF BACKSOLVES                        465
 NUMBER OF CORRECT DIGITS                    .37
 CPU TIME                                  .1600
 ---------------------------------------------
 RESULT WITH THE FOLLOWING TOL :
 RTOL = 0.316227766016838021E-04 
 ATOL = 0.316227766016838021E-04 
 
 NUMERICAL SOLUTION
 
                                               SCD
     SOLUTION COMPONENT                  -------------    IGNOR
                                         ABS        REL 
  1     .1572788718396407E+02            1.08       2.28       
  2    -.1565276958405523E+02             .98       2.18       
  3     .4088184898159284E-01            4.22       2.84       
  4    -.5346257310331932E+00            3.98       3.71       
  5     .5244135349226309E+00            5.45       5.17       
  6     .5346257244419672E+00            3.98       3.71       
  7     .1048080993954205E+01            6.60       6.62       
  8     .1133352055456243E+04            -.82       2.24      Y
  9    -.1416778660247307E+04            -.88       2.27      Y
 10    -.1271684852134039E+02           -1.38       -.33      Y
 11    -.2224082146867157E+02           -1.62       -.33      Y
 12    -.6718535556936722E+00            -.10       -.34      Y
 13     .2223992478161317E+02           -1.62       -.33      Y
 14    -.3379049947849077E+00             .18       -.31      Y
 15     .5833551795121482E+05           -4.92       -.53      Y
 16    -.7450260498206622E+05           -5.10       -.39      Y
 17     .3260643767204063E+06           -3.29       2.22      Y
 18     .5706060012415065E+06           -3.59       2.17      Y
 19     .1803352456015485E+05           -3.11       1.11      Y
 20    -.5706068876808977E+06           -3.59       2.17      Y
 21     .5991802592612389E+04           -3.58        .41      Y
 22     .1996809872496532E+03             .30       2.60      Y
 23    -.2195637663017618E+02            -.89        .58      Y
 24     .2305134464531679E+02            1.82       3.18      Y
 25     .3383089935945294E+02            -.38       1.12      Y
 26     .2254097991826158E+02             .99       2.35      Y
 27     .7424617097660705E+01            -.62        .44      Y
 
USED COMPONENTS FOR SCD                     7          7
SCD OF Y (MAXIMUM NORM)                  -.40       2.18
SCD OF Y (EUCLIDIAN NORM)                 .88       4.76
USING RELATIVE ERROR YIELDS SCD :                   2.18
 
 LAST STEP SIZE                         .814880D-04
 LAST ORDER OF THE METHOD                      5
 MAXIMUM ORDER USED SO FAR                     5
 TOTAL NUMBER OF STEPS TAKEN                 155
 TOTAL NUMBER OF FAILED STEPS                 16
 NUMBER OF RESIDUAL EVALUATIONS              689
 NUMBER OF JACOBIAN EVALUATIONS               31
 NUMBER OF FACTORIZATION                      31
 NUMBER OF BACKSOLVES                        688
 NUMBER OF CORRECT DIGITS                   2.18
 CPU TIME                                  .2300
 ---------------------------------------------
 RESULT WITH THE FOLLOWING TOL :
 RTOL = 0.100000000000000025E-04 
 ATOL = 0.100000000000000025E-04 
 
 NUMERICAL SOLUTION
 
                                               SCD
     SOLUTION COMPONENT                  -------------    IGNOR
                                         ABS        REL 
  1     .1579089007193638E+02            1.70       2.90       
  2    -.1573153153520570E+02            1.60       2.80       
  3     .4069089480164343E-01            3.88       2.49       
  4    -.5349598262731574E+00            3.64       3.37       
  5     .5244029758972423E+00            5.16       4.88       
  6     .5349598407868963E+00            3.64       3.37       
  7     .1048077393063635E+01            5.48       5.50       
  8     .1138712458504149E+04            -.08       2.97      Y
  9    -.1423256934128670E+04            -.05       3.10      Y
 10     .5431669306620739E+01            -.75        .29      Y
 11     .9495985125537418E+01            -.99        .29      Y
 12     .2790156587280744E+00             .53        .29      Y
 13    -.9495877665790776E+01            -.99        .29      Y
 14     .1699948508720569E+00             .81        .32      Y
 15    -.8323582546885065E+04           -4.21        .18      Y
 16     .2447502163885927E+05           -4.44        .28      Y
 17     .3214290808950361E+06           -3.43       2.08      Y
 18     .5619752722277195E+06           -3.68       2.07      Y
 19     .1631293395921323E+05           -2.63       1.59      Y
 20    -.5619801835317051E+06           -3.68       2.07      Y
 21     .1069039963466655E+05           -2.94       1.06      Y
 22     .1980419520674509E+03            -.05       2.24      Y
 23    -.2871498396730616E+02            -.02       1.46      Y
 24     .2343414960126074E+02             .43       1.80      Y
 25     .3083317309131623E+02             .21       1.71      Y
 26     .2314546063277263E+02             .30       1.65      Y
 27     .1231055080165448E+02             .16       1.22      Y
 
USED COMPONENTS FOR SCD                     7          7
SCD OF Y (MAXIMUM NORM)                  -.40       2.49
SCD OF Y (EUCLIDIAN NORM)                1.50       5.56
USING RELATIVE ERROR YIELDS SCD :                   2.49
 
 LAST STEP SIZE                         .127681D-03
 LAST ORDER OF THE METHOD                      4
 MAXIMUM ORDER USED SO FAR                     5
 TOTAL NUMBER OF STEPS TAKEN                 173
 TOTAL NUMBER OF FAILED STEPS                 12
 NUMBER OF RESIDUAL EVALUATIONS              736
 NUMBER OF JACOBIAN EVALUATIONS               29
 NUMBER OF FACTORIZATION                      29
 NUMBER OF BACKSOLVES                        735
 NUMBER OF CORRECT DIGITS                   2.49
 CPU TIME                                  .2500
 ---------------------------------------------
 RESULT WITH THE FOLLOWING TOL :
 RTOL = 0.316227766016838004E-05 
 ATOL = 0.316227766016838004E-05 
 
 NUMERICAL SOLUTION
 
                                               SCD
     SOLUTION COMPONENT                  -------------    IGNOR
                                         ABS        REL 
  1     .1582185692310091E+02            1.96       3.15       
  2    -.1577022155634639E+02            1.86       3.06       
  3     .4094350915586243E-01            3.92       2.53       
  4    -.5345180766647544E+00            3.67       3.40       
  5     .5244162543455945E+00            5.20       4.92       
  6     .5345180750239068E+00            3.67       3.40       
  7     .1048084347772025E+01            5.44       5.46       
  8     .1140008798906056E+04            1.05       4.11      Y
  9    -.1424211874129443E+04             .78       3.93      Y
 10     .1407211229774379E+02            -.48        .56      Y
 11     .2460658014717724E+02            -.73        .56      Y
 12     .7317687296491406E+00             .80        .56      Y
 13    -.2460673518688344E+02            -.73        .56      Y
 14     .4120124210703500E+00            1.05        .56      Y
 15    -.2658259647020946E+05           -3.29       1.10      Y
 16     .5914300043360270E+05           -3.86        .85      Y
 17     .3288516841364755E+06           -3.68       1.83      Y
 18     .5754166982187553E+06           -3.94       1.82      Y
 19     .1799977518698175E+05           -3.10       1.12      Y
 20    -.5754165926288347E+06           -3.94       1.82      Y
 21     .6757897268140647E+04           -3.49        .51      Y
 22     .2013010193099603E+03            -.33       1.97      Y
 23    -.2863216157067421E+02            -.05       1.42      Y
 24     .2328925536325031E+02             .65       2.02      Y
 25     .3380473935039783E+02            -.37       1.13      Y
 26     .2285719806635942E+02             .67       2.02      Y
 27     .8203932558508258E+01            -.53        .53      Y
 
USED COMPONENTS FOR SCD                     7          7
SCD OF Y (MAXIMUM NORM)                  -.40       2.53
SCD OF Y (EUCLIDIAN NORM)                1.75       5.74
USING RELATIVE ERROR YIELDS SCD :                   2.53
 
 LAST STEP SIZE                         .670089D-04
 LAST ORDER OF THE METHOD                      5
 MAXIMUM ORDER USED SO FAR                     5
 TOTAL NUMBER OF STEPS TAKEN                 182
 TOTAL NUMBER OF FAILED STEPS                 13
 NUMBER OF RESIDUAL EVALUATIONS              788
 NUMBER OF JACOBIAN EVALUATIONS               31
 NUMBER OF FACTORIZATION                      31
 NUMBER OF BACKSOLVES                        787
 NUMBER OF CORRECT DIGITS                   2.53
 CPU TIME                                  .2600
 ---------------------------------------------
 RESULT WITH THE FOLLOWING TOL :
 RTOL = 0.100000000000000017E-05 
 ATOL = 0.100000000000000017E-05 
 
 NUMERICAL SOLUTION
 
                                               SCD
     SOLUTION COMPONENT                  -------------    IGNOR
                                         ABS        REL 
  1     .1581040245918599E+02            3.43       4.63       
  2    -.1575591011106348E+02            3.34       4.53       
  3     .4081821787726894E-01            5.40       4.01       
  4    -.5347371601187471E+00            5.15       4.88       
  5     .5244097538790635E+00            6.67       6.39       
  6     .5347371606544481E+00            5.15       4.88       
  7     .1048080632360867E+01            6.96       6.98       
  8     .1139586085337503E+04             .48       3.53      Y
  9    -.1423943979982706E+04             .36       3.51      Y
 10     .1087656410307350E+02             .81       1.85      Y
 11     .1901923632711837E+02             .56       1.85      Y
 12     .5661929534878340E+00            2.13       1.89      Y
 13    -.1901915799577883E+02             .56       1.85      Y
 14     .3162778738189014E+00            2.16       1.67      Y
 15    -.2158905942471054E+05           -3.48        .91      Y
 16     .4923580590106818E+05           -3.42       1.30      Y
 17     .3260603272020865E+06           -3.29       2.22      Y
 18     .5703733159763605E+06           -3.56       2.19      Y
 19     .1740620658331450E+05           -2.82       1.40      Y
 20    -.5703714450169081E+06           -3.56       2.19      Y
 21     .8125496173584616E+04           -3.23        .76      Y
 22     .2000183975064828E+03             .07       2.37      Y
 23    -.2878559043126788E+02             .01       1.49      Y
 24     .2316297702068115E+02            1.02       2.38      Y
 25     .3268795319687730E+02            -.09       1.41      Y
 26     .2272606785059022E+02            1.08       2.43      Y
 27     .9733726581278232E+01            -.28        .79      Y
 
USED COMPONENTS FOR SCD                     7          7
SCD OF Y (MAXIMUM NORM)                  -.40       4.01
SCD OF Y (EUCLIDIAN NORM)                3.23       9.14
USING RELATIVE ERROR YIELDS SCD :                   4.01
 
 LAST STEP SIZE                         .549204D-04
 LAST ORDER OF THE METHOD                      5
 MAXIMUM ORDER USED SO FAR                     6
 TOTAL NUMBER OF STEPS TAKEN                 240
 TOTAL NUMBER OF FAILED STEPS                 17
 NUMBER OF RESIDUAL EVALUATIONS              993
 NUMBER OF JACOBIAN EVALUATIONS               39
 NUMBER OF FACTORIZATION                      39
 NUMBER OF BACKSOLVES                        992
 NUMBER OF CORRECT DIGITS                   4.01
 CPU TIME                                  .3400
 ---------------------------------------------
 RESULT WITH THE FOLLOWING TOL :
 RTOL = 0.316227766016837972E-06 
 ATOL = 0.316227766016837972E-06 
 
 NUMERICAL SOLUTION
 
                                               SCD
     SOLUTION COMPONENT                  -------------    IGNOR
                                         ABS        REL 
  1     .1580691948250942E+02            2.41       3.61       
  2    -.1575155805428055E+02            2.32       3.52       
  3     .4078678397717132E-01            4.45       3.06       
  4    -.5347921190022142E+00            4.21       3.94       
  5     .5244081223078328E+00            5.73       5.45       
  6     .5347921190151149E+00            4.21       3.94       
  7     .1048079703414367E+01            5.98       6.00       
  8     .1139866929380451E+04            1.27       4.33      Y
  9    -.1424381170381315E+04            2.73       5.88      Y
 10     .9935890648290489E+01            -.04       1.00      Y
 11     .1737506499592655E+02            -.28       1.00      Y
 12     .5170474501665631E+00            1.25       1.01      Y
 13    -.1737505979492993E+02            -.28       1.00      Y
 14     .2894451032248124E+00            1.47        .98      Y
 15    -.2049534183237092E+05           -3.62        .77      Y
 16     .4560577465215851E+05           -3.80        .92      Y
 17     .3241977639947260E+06           -1.98       3.53      Y
 18     .5669226979925925E+06           -2.24       3.51      Y
 19     .1679312027127359E+05           -1.69       2.53      Y
 20    -.5669230537736164E+06           -2.24       3.51      Y
 21     .9689321252836971E+04           -2.14       1.86      Y
 22     .1992040015928953E+03            1.54       3.84      Y
 23    -.2939080419602717E+02             .44       1.91      Y
 24     .2308289014117187E+02            1.79       3.15      Y
 25     .3154785111246777E+02            1.02       2.52      Y
 26     .2266404222039707E+02            1.67       3.02      Y
 27     .1145846798853801E+02             .80       1.86      Y
 
USED COMPONENTS FOR SCD                     7          7
SCD OF Y (MAXIMUM NORM)                  -.40       3.06
SCD OF Y (EUCLIDIAN NORM)                2.21       6.94
USING RELATIVE ERROR YIELDS SCD :                   3.06
 
 LAST STEP SIZE                         .588412D-04
 LAST ORDER OF THE METHOD                      6
 MAXIMUM ORDER USED SO FAR                     6
 TOTAL NUMBER OF STEPS TAKEN                 271
 TOTAL NUMBER OF FAILED STEPS                 13
 NUMBER OF RESIDUAL EVALUATIONS             1116
 NUMBER OF JACOBIAN EVALUATIONS               39
 NUMBER OF FACTORIZATION                      39
 NUMBER OF BACKSOLVES                       1115
 NUMBER OF CORRECT DIGITS                   3.06
 CPU TIME                                  .3800
 ---------------------------------------------
 RESULT WITH THE FOLLOWING TOL :
 RTOL = 0.100000000000000009E-06 
 ATOL = 0.100000000000000009E-06 
 
 NUMERICAL SOLUTION
 
                                               SCD
     SOLUTION COMPONENT                  -------------    IGNOR
                                         ABS        REL 
  1     .1580753054596671E+02            2.49       3.69       
  2    -.1575232161499643E+02            2.39       3.59       
  3     .4079211929708818E-01            4.52       3.13       
  4    -.5347827891185353E+00            4.28       4.01       
  5     .5244084015259175E+00            5.81       5.53       
  6     .5347827891738705E+00            4.28       4.01       
  7     .1048079853800965E+01            6.05       6.07       
  8     .1139852787136182E+04            1.17       4.23      Y
  9    -.1424349594444738E+04            1.53       4.68      Y
 10     .1010570528359683E+02             .03       1.08      Y
 11     .1767211172015985E+02            -.21       1.08      Y
 12     .5262072554133908E+00            1.32       1.08      Y
 13    -.1767210524106290E+02            -.21       1.08      Y
 14     .2933936698840455E+00            1.53       1.04      Y
 15    -.2114654977831872E+05           -3.54        .85      Y
 16     .4677030229873078E+05           -3.71       1.01      Y
 17     .3243239032805091E+06           -2.35       3.17      Y
 18     .5671604722652682E+06           -2.61       3.14      Y
 19     .1683974824426031E+05           -1.98       2.24      Y
 20    -.5671611024007826E+06           -2.61       3.14      Y
 21     .9571642231565729E+04           -2.41       1.59      Y
 22     .1992538722509693E+03            1.10       3.40      Y
 23    -.2939317960580378E+02             .44       1.91      Y
 24     .2307548825405564E+02            2.05       3.41      Y
 25     .3162761376595336E+02             .76       2.25      Y
 26     .2264493916890752E+02            2.61       3.97      Y
 27     .1134158521863979E+02             .56       1.62      Y
 
USED COMPONENTS FOR SCD                     7          7
SCD OF Y (MAXIMUM NORM)                  -.40       3.13
SCD OF Y (EUCLIDIAN NORM)                2.29       7.11
USING RELATIVE ERROR YIELDS SCD :                   3.13
 
 LAST STEP SIZE                         .609115D-04
 LAST ORDER OF THE METHOD                      6
 MAXIMUM ORDER USED SO FAR                     6
 TOTAL NUMBER OF STEPS TAKEN                 302
 TOTAL NUMBER OF FAILED STEPS                 14
 NUMBER OF RESIDUAL EVALUATIONS             1310
 NUMBER OF JACOBIAN EVALUATIONS               40
 NUMBER OF FACTORIZATION                      40
 NUMBER OF BACKSOLVES                       1309
 NUMBER OF CORRECT DIGITS                   3.13
 CPU TIME                                  .4300
 ---------------------------------------------
 RESULT WITH THE FOLLOWING TOL :
 RTOL = 0.316227766016837985E-07 
 ATOL = 0.316227766016837985E-07 
 
 NUMERICAL SOLUTION
 
                                               SCD
     SOLUTION COMPONENT                  -------------    IGNOR
                                         ABS        REL 
  1     .1581026098990041E+02            3.29       4.49       
  2    -.1575573353155935E+02            3.20       4.39       
  3     .4081733157011189E-01            5.31       3.92       
  4    -.5347387000982031E+00            5.07       4.79       
  5     .5244097103318924E+00            6.59       6.31       
  6     .5347387001023384E+00            5.07       4.79       
  7     .1048080598447875E+01            6.85       6.87       
  8     .1139933696977911E+04            1.87       4.93      Y
  9    -.1424405019790235E+04            1.59       4.74      Y
 10     .1088729517481709E+02             .84       1.88      Y
 11     .1903871615752164E+02             .59       1.88      Y
 12     .5659984703079791E+00            2.12       1.88      Y
 13    -.1903871475931548E+02             .59       1.88      Y
 14     .3189256934040500E+00            2.37       1.88      Y
 15    -.2404046438748709E+05           -2.77       1.62      Y
 16     .5090246923331702E+05           -2.98       1.74      Y
 17     .3243481206971027E+06           -2.39       3.12      Y
 18     .5671883476353417E+06           -2.64       3.11      Y
 19     .1679180264818173E+05           -1.68       2.54      Y
 20    -.5671884781295012E+06           -2.64       3.11      Y
 21     .9720210926647982E+04           -2.03       1.97      Y
 22     .1992848496621583E+03             .96       3.26      Y
 23    -.2967791555133586E+02            1.11       2.58      Y
 24     .2308473400460959E+02            1.74       3.10      Y
 25     .3154342512371656E+02            1.04       2.54      Y
 26     .2266055366354720E+02            1.74       3.10      Y
 27     .1149849415853521E+02             .92       1.99      Y
 
USED COMPONENTS FOR SCD                     7          7
SCD OF Y (MAXIMUM NORM)                  -.40       3.92
SCD OF Y (EUCLIDIAN NORM)                3.09       8.93
USING RELATIVE ERROR YIELDS SCD :                   3.92
 
 LAST STEP SIZE                         .257117D-04
 LAST ORDER OF THE METHOD                      5
 MAXIMUM ORDER USED SO FAR                     7
 TOTAL NUMBER OF STEPS TAKEN                 360
 TOTAL NUMBER OF FAILED STEPS                 17
 NUMBER OF RESIDUAL EVALUATIONS             1484
 NUMBER OF JACOBIAN EVALUATIONS               49
 NUMBER OF FACTORIZATION                      49
 NUMBER OF BACKSOLVES                       1483
 NUMBER OF CORRECT DIGITS                   3.92
 CPU TIME                                  .5100
 ---------------------------------------------
 RESULT WITH THE FOLLOWING TOL :
 RTOL = 0.100000000000000019E-07 
 ATOL = 0.100000000000000019E-07 
 
 NUMERICAL SOLUTION
 
                                               SCD
     SOLUTION COMPONENT                  -------------    IGNOR
                                         ABS        REL 
  1     .1581078264714377E+02            4.94       6.14       
  2    -.1575638536772940E+02            4.84       6.04       
  3     .4082234463839932E-01            6.98       5.59       
  4    -.5347299336480503E+00            6.74       6.47       
  5     .5244099711525461E+00            8.28       8.00       
  6     .5347299336477175E+00            6.74       6.47       
  7     .1048080744589725E+01            8.45       8.47       
  8     .1139922540093188E+04            2.65       5.71      Y
  9    -.1424381788058115E+04            2.60       5.76      Y
 10     .1103593567214918E+02            2.52       3.56      Y
 11     .1929865515065477E+02            2.28       3.56      Y
 12     .5737051704567668E+00            3.87       3.63      Y
 13    -.1929865527765872E+02            2.28       3.56      Y
 14     .3233368065662696E+00            3.80       3.31      Y
 15    -.2465464142786811E+05           -1.36       3.03      Y
 16     .5188997766496500E+05           -1.60       3.12      Y
 17     .3240886988219077E+06           -1.14       4.37      Y
 18     .5667247787199417E+06           -1.39       4.36      Y
 19     .1674135972459317E+05            -.36       3.87      Y
 20    -.5667247397603234E+06           -1.39       4.36      Y
 21     .9831071353439755E+04            -.66       3.33      Y
 22     .1991690323481163E+03            2.20       4.50      Y
 23    -.2975799528592039E+02            2.57       4.04      Y
 24     .2306554698555762E+02            3.00       4.37      Y
 25     .3144843367534628E+02            2.37       3.87      Y
 26     .2264150172991871E+02            3.00       4.36      Y
 27     .1162250005491513E+02            2.29       3.36      Y
 
USED COMPONENTS FOR SCD                     7          7
SCD OF Y (MAXIMUM NORM)                  -.40       5.59
SCD OF Y (EUCLIDIAN NORM)                4.74      12.77
USING RELATIVE ERROR YIELDS SCD :                   5.59
 
 LAST STEP SIZE                         .612721D-04
 LAST ORDER OF THE METHOD                      7
 MAXIMUM ORDER USED SO FAR                     7
 TOTAL NUMBER OF STEPS TAKEN                 422
 TOTAL NUMBER OF FAILED STEPS                 17
 NUMBER OF RESIDUAL EVALUATIONS             1674
 NUMBER OF JACOBIAN EVALUATIONS               56
 NUMBER OF FACTORIZATION                      56
 NUMBER OF BACKSOLVES                       1673
 NUMBER OF CORRECT DIGITS                   5.59
 CPU TIME                                  .5800
 ---------------------------------------------
 RESULT WITH THE FOLLOWING TOL :
 RTOL = 0.316227766016837994E-08 
 ATOL = 0.316227766016837994E-08 
 
 NUMERICAL SOLUTION
 
                                               SCD
     SOLUTION COMPONENT                  -------------    IGNOR
                                         ABS        REL 
  1     .1581075120641047E+02            4.70       5.90       
  2    -.1575634608161631E+02            4.60       5.80       
  3     .4082204669367617E-01            6.71       5.32       
  4    -.5347304545882733E+00            6.47       6.20       
  5     .5244099558240835E+00            8.00       7.72       
  6     .5347304545882771E+00            6.47       6.20       
  7     .1048080735376693E+01            8.25       8.27       
  8     .1139923959878293E+04            2.44       5.49      Y
  9    -.1424384232914737E+04            2.31       5.46      Y
 10     .1102724272202599E+02            2.25       3.29      Y
 11     .1928346033871849E+02            2.00       3.29      Y
 12     .5732765732279945E+00            3.53       3.29      Y
 13    -.1928346032556959E+02            2.00       3.29      Y
 14     .3230087552770568E+00            3.77       3.28      Y
 15    -.2460320976020571E+05           -1.46       2.94      Y
 16     .5180848378392922E+05           -1.62       3.09      Y
 17     .3241036672484772E+06            -.04       5.47      Y
 18     .5667514439240248E+06            -.32       5.44      Y
 19     .1674426582229638E+05             .20       4.42      Y
 20    -.5667514476616756E+06            -.32       5.43      Y
 21     .9824720222377215E+04            -.26       3.74      Y
 22     .1991756981817915E+03            3.44       5.74      Y
 23    -.2975246060691200E+02            2.54       4.02      Y
 24     .2306663412562373E+02            4.03       5.39      Y
 25     .3145390353702311E+02            2.92       4.42      Y
 26     .2264258201266828E+02            4.05       5.40      Y
 27     .1161539840931956E+02            2.70       3.76      Y
 
USED COMPONENTS FOR SCD                     7          7
SCD OF Y (MAXIMUM NORM)                  -.40       5.32
SCD OF Y (EUCLIDIAN NORM)                4.49      12.16
USING RELATIVE ERROR YIELDS SCD :                   5.32
 
 LAST STEP SIZE                         .111747D-04
 LAST ORDER OF THE METHOD                      5
 MAXIMUM ORDER USED SO FAR                     7
 TOTAL NUMBER OF STEPS TAKEN                 466
 TOTAL NUMBER OF FAILED STEPS                 18
 NUMBER OF RESIDUAL EVALUATIONS             1859
 NUMBER OF JACOBIAN EVALUATIONS               63
 NUMBER OF FACTORIZATION                      63
 NUMBER OF BACKSOLVES                       1858
 NUMBER OF CORRECT DIGITS                   5.32
 CPU TIME                                  .6200
 ---------------------------------------------
 RESULT WITH THE FOLLOWING TOL :
 RTOL = 0.100000000000000027E-08 
 ATOL = 0.100000000000000027E-08 
 
 NUMERICAL SOLUTION
 
                                               SCD
     SOLUTION COMPONENT                  -------------    IGNOR
                                         ABS        REL 
  1     .1581078487333985E+02            4.86       6.06       
  2    -.1575638814988010E+02            4.77       5.96       
  3     .4082237244890164E-01            6.88       5.49       
  4    -.5347298849367471E+00            6.64       6.36       
  5     .5244099727585938E+00            8.16       7.88       
  6     .5347298849367316E+00            6.64       6.36       
  7     .1048080744920534E+01            8.41       8.43       
  8     .1139920566932013E+04            3.58       6.63      Y
  9    -.1424379367430465E+04            4.14       7.29      Y
 10     .1103679108258283E+02            2.41       3.45      Y
 11     .1930015803175337E+02            2.17       3.45      Y
 12     .5737716185518469E+00            3.70       3.45      Y
 13    -.1930015803584177E+02            2.17       3.45      Y
 14     .3232927406553777E+00            3.94       3.45      Y
 15    -.2464081085166524E+05            -.96       3.43      Y
 16     .5186739352200472E+05           -1.23       3.48      Y
 17     .3241090606956540E+06            -.81       4.70      Y
 18     .5667610563443848E+06           -1.07       4.69      Y
 19     .1674474940038583E+05            -.05       4.17      Y
 20    -.5667610555462684E+06           -1.07       4.69      Y
 21     .9824319651580676E+04            -.34       3.65      Y
 22     .1991783337718420E+03            2.52       4.82      Y
 23    -.2975530437098345E+02            5.10       6.58      Y
 24     .2306696827823755E+02            3.37       4.73      Y
 25     .3145483343179094E+02            2.67       4.17      Y
 26     .2264292621960661E+02            3.36       4.72      Y
 27     .1161493378964982E+02            2.61       3.67      Y
 
USED COMPONENTS FOR SCD                     7          7
SCD OF Y (MAXIMUM NORM)                  -.40       5.49
SCD OF Y (EUCLIDIAN NORM)                4.66      12.54
USING RELATIVE ERROR YIELDS SCD :                   5.49
 
 LAST STEP SIZE                         .248734D-04
 LAST ORDER OF THE METHOD                      7
 MAXIMUM ORDER USED SO FAR                     7
 TOTAL NUMBER OF STEPS TAKEN                 506
 TOTAL NUMBER OF FAILED STEPS                 11
 NUMBER OF RESIDUAL EVALUATIONS             2026
 NUMBER OF JACOBIAN EVALUATIONS               64
 NUMBER OF FACTORIZATION                      64
 NUMBER OF BACKSOLVES                       2025
 NUMBER OF CORRECT DIGITS                   5.49
 CPU TIME                                  .6900
 ---------------------------------------------
 RESULT WITH THE FOLLOWING TOL :
 RTOL = 0.316227766016838004E-09 
 ATOL = 0.316227766016838004E-09 
 
 NUMERICAL SOLUTION
 
                                               SCD
     SOLUTION COMPONENT                  -------------    IGNOR
                                         ABS        REL 
  1     .1581077364731979E+02            5.61       6.81       
  2    -.1575637412249835E+02            5.51       6.71       
  3     .4082226387873648E-01            7.62       6.24       
  4    -.5347300747941488E+00            7.38       7.11       
  5     .5244099671152105E+00            8.91       8.63       
  6     .5347300747941469E+00            7.38       7.11       
  7     .1048080741737717E+01            9.16       9.18       
  8     .1139920494031413E+04            3.72       6.77      Y
  9    -.1424379488417373E+04            3.71       6.87      Y
 10     .1103363156851282E+02            3.14       4.19      Y
 11     .1929463275068153E+02            2.90       4.19      Y
 12     .5736073284007949E+00            4.43       4.19      Y
 13    -.1929463274955060E+02            2.90       4.19      Y
 14     .3232003432388886E+00            4.67       4.18      Y
 15    -.2464108498790164E+05            -.97       3.42      Y
 16     .5185700277266133E+05            -.82       3.89      Y
 17     .3240993167805118E+06            -.51       5.00      Y
 18     .5667434480229662E+06            -.77       4.98      Y
 19     .1674303197418150E+05             .22       4.45      Y
 20    -.5667434486350167E+06            -.77       4.98      Y
 21     .9827629861308926E+04            -.04       3.95      Y
 22     .1991738777771661E+03            2.84       5.14      Y
 23    -.2975640039357637E+02            2.96       4.44      Y
 24     .2306630250387268E+02            3.62       4.99      Y
 25     .3145158466631950E+02            2.95       4.44      Y
 26     .2264225047111297E+02            3.62       4.97      Y
 27     .1161865264753295E+02            2.90       3.97      Y
 
USED COMPONENTS FOR SCD                     7          7
SCD OF Y (MAXIMUM NORM)                  -.40       6.24
SCD OF Y (EUCLIDIAN NORM)                5.41      14.26
USING RELATIVE ERROR YIELDS SCD :                   6.24
 
 LAST STEP SIZE                         .172546D-04
 LAST ORDER OF THE METHOD                      7
 MAXIMUM ORDER USED SO FAR                     7
 TOTAL NUMBER OF STEPS TAKEN                 569
 TOTAL NUMBER OF FAILED STEPS                  9
 NUMBER OF RESIDUAL EVALUATIONS             2225
 NUMBER OF JACOBIAN EVALUATIONS               65
 NUMBER OF FACTORIZATION                      65
 NUMBER OF BACKSOLVES                       2224
 NUMBER OF CORRECT DIGITS                   6.24
 CPU TIME                                  .7900
 ---------------------------------------------
 RESULT WITH THE FOLLOWING TOL :
 RTOL = 0.100000000000000029E-09 
 ATOL = 0.100000000000000029E-09 
 
 NUMERICAL SOLUTION
 
                                               SCD
     SOLUTION COMPONENT                  -------------    IGNOR
                                         ABS        REL 
  1     .1581076429986691E+02            5.16       6.36       
  2    -.1575636244245601E+02            5.06       6.26       
  3     .4082217340671315E-01            7.18       5.79       
  4    -.5347302330037292E+00            6.93       6.66       
  5     .5244099624123620E+00            8.46       8.18       
  6     .5347302330037379E+00            6.93       6.66       
  7     .1048080739085773E+01            8.71       8.73       
  8     .1139920281593265E+04            4.69       7.74      Y
  9    -.1424379396146431E+04            4.00       7.15      Y
 10     .1103094900865282E+02            2.71       3.75      Y
 11     .1928994161787486E+02            2.46       3.75      Y
 12     .5734687856381714E+00            4.00       3.75      Y
 13    -.1928994161559982E+02            2.46       3.75      Y
 14     .3231187448669011E+00            4.22       3.73      Y
 15    -.2462453085077488E+05            -.86       3.53      Y
 16     .5183933173880541E+05           -1.04       3.67      Y
 17     .3241013300261222E+06            -.09       5.42      Y
 18     .5667472008209513E+06            -.34       5.42      Y
 19     .1674365354392679E+05            1.62       5.84      Y
 20    -.5667472005673326E+06            -.34       5.42      Y
 21     .9826198254063782E+04             .49       4.48      Y
 22     .1991747209005528E+03            3.21       5.51      Y
 23    -.2975453042001904E+02            3.11       4.58      Y
 24     .2306645397555833E+02            4.06       5.42      Y
 25     .3145275443348462E+02            4.39       5.89      Y
 26     .2264240489251606E+02            4.06       5.41      Y
 27     .1161704873064962E+02            3.45       4.51      Y
 
USED COMPONENTS FOR SCD                     7          7
SCD OF Y (MAXIMUM NORM)                  -.40       5.79
SCD OF Y (EUCLIDIAN NORM)                4.96      13.23
USING RELATIVE ERROR YIELDS SCD :                   5.79
 
 LAST STEP SIZE                         .263472D-04
 LAST ORDER OF THE METHOD                      7
 MAXIMUM ORDER USED SO FAR                     7
 TOTAL NUMBER OF STEPS TAKEN                 645
 TOTAL NUMBER OF FAILED STEPS                 13
 NUMBER OF RESIDUAL EVALUATIONS             2564
 NUMBER OF JACOBIAN EVALUATIONS               73
 NUMBER OF FACTORIZATION                      73
 NUMBER OF BACKSOLVES                       2563
 NUMBER OF CORRECT DIGITS                   5.79
 CPU TIME                                  .8800
 ---------------------------------------------
