 COMPUTATIONAL STATISTICS OF THE INDEX 2 SLIDER CRANK PROBLEM USING  MEBDFI

 NUMBER OF EQUATIONS : 24
  
 RESULT WITH THE FOLLOWING TOL :
 RTOL = 0.100000000000000019E-01 
 ATOL = 0.100000000000000019E-01 
 
 NUMERICAL SOLUTION
 
                                               SCD
     SOLUTION COMPONENT                  -------------    IGNORE
                                         ABS        REL 
  1     .1500734295822783E+02            2.13       3.31       
  2    -.3317917338335747E+00            3.21       2.73       
  3     .1683162001653748E+00            2.85       2.08       
  4     .2192553104801091E-03            4.52        .80       
  5     .2350779204298532E-04            6.60       1.98       
  6    -.5246207631439273E-05            7.11       1.84       
  7    -.8202251650978168E-05            6.79       1.72       
  8     .1500000000000000E+03                               
  9     .6063052971776048E+02             .42       2.20       
 10    -.8573855451130154E+01             .75       1.69       
 11    -.4299509331483433E-01            1.89        .37       
 12    -.5112889279806329E-02            3.41       1.15       
 13     .5878086882344570E-04            3.36        .05       
 14     .1133206256688106E-03            3.00        .05       
 15     .9922448438735977E-13           13.00       
 16     .6432733474732659E+04           -1.75       2.06       
 17     .2113092178580579E+04           -1.74       1.60       
 18    -.3664045667608393E+02           -1.85       -.32       
 19     .1360850200750331E+01            -.08       -.85       
 20    -.4883911368257466E+00             .03        .18       
 21    -.9889554295643521E+00            -.30       -.30       
 22    -.5443224877048414E+02            -.90        .90       
 23    -.1596482973911149E+03            -.62       1.60       
 24     .2241811091081354E+02            -.46        .94       
 
USED COMPONENTS FOR SCD                    24         23
SCD OF Y (MAXIMUM NORM)                 -1.85       -.85
SCD OF Y (EUCLIDIAN NORM)               -2.02      -2.04
USING RELATIVE ERROR YIELDS SCD :                   -.85
 
 LAST STEP SIZE                         .196515D-02
 LAST ORDER OF THE METHOD                      3
 MAXIMUM ORDER USED SO FAR                     3
 TOTAL NUMBER OF STEPS TAKEN                  75
 TOTAL NUMBER OF FAILED STEPS                  5
 NUMBER OF RESIDUAL EVALUATIONS              584
 NUMBER OF JACOBIAN EVALUATIONS               12
 NUMBER OF FACTORIZATION                      12
 NUMBER OF BACKSOLVES                        283
 NUMBER OF CORRECT DIGITS                      -.85
 CPU TIME                                  .1500
 ---------------------------------------------
 RESULT WITH THE FOLLOWING TOL :
 RTOL = 0.316227766016837983E-02 
 ATOL = 0.316227766016837983E-02 
 
 NUMERICAL SOLUTION
 
                                               SCD
     SOLUTION COMPONENT                  -------------    IGNORE
                                         ABS        REL 
  1     .1498673070730587E+02            1.88       3.05       
  2    -.3360455883103657E+00            2.31       1.83       
  3     .1707488906100698E+00            3.00       2.22       
  4     .2256925308474691E-03            4.44        .72       
  5     .2428006782193426E-04            6.28       1.66       
  6    -.5332113868496639E-05            8.09       2.81       
  7    -.8367462410284191E-05            8.38       3.30       
  8     .1500000000000000E+03                               
  9     .5966408709828435E+02             .23       2.01       
 10    -.8950679287498399E+01             .70       1.65       
 11    -.4434167270638972E-01            1.85        .32       
 12    -.5419472189671734E-02            4.09       1.83       
 13     .2111262626462646E-03            3.54        .24       
 14     .4222318435410539E-03            3.17        .21       
 15    -.4652567197682563E-13           13.33       
 16     .6637437056503047E+04           -2.17       1.64       
 17     .2177734109230538E+04            -.99       2.34       
 18    -.2092388832901079E+02           -1.74       -.21       
 19     .7287672215585184E+00             .25       -.52       
 20    -.5776905832552814E-01            -.13        .02       
 21    -.1292284608932766E+00            -.05       -.05       
 22    -.5967796148294025E+02            -.42       1.37       
 23    -.1645320493688026E+03             .13       2.34       
 24     .2497687490564521E+02             .49       1.90       
 
USED COMPONENTS FOR SCD                    24         23
SCD OF Y (MAXIMUM NORM)                 -2.17       -.52
SCD OF Y (EUCLIDIAN NORM)               -2.20      -1.41
USING RELATIVE ERROR YIELDS SCD :                   -.52
 
 LAST STEP SIZE                         .158969D-02
 LAST ORDER OF THE METHOD                      3
 MAXIMUM ORDER USED SO FAR                     3
 TOTAL NUMBER OF STEPS TAKEN                 103
 TOTAL NUMBER OF FAILED STEPS                  8
 NUMBER OF RESIDUAL EVALUATIONS              942
 NUMBER OF JACOBIAN EVALUATIONS               22
 NUMBER OF FACTORIZATION                      22
 NUMBER OF BACKSOLVES                        391
 NUMBER OF CORRECT DIGITS                      -.52
 CPU TIME                                  .2100
 ---------------------------------------------
 RESULT WITH THE FOLLOWING TOL :
 RTOL = 0.100000000000000024E-02 
 ATOL = 0.100000000000000024E-02 
 
 NUMERICAL SOLUTION
 
                                               SCD
     SOLUTION COMPONENT                  -------------    IGNORE
                                         ABS        REL 
  1     .1500239063389205E+02            2.62       3.80       
  2    -.3302208045112716E+00            3.02       2.54       
  3     .1695951906793776E+00            3.85       3.08       
  4     .2069304631279626E-03            4.75       1.03       
  5     .2366286573922769E-04            7.02       2.40       
  6    -.5329351997711866E-05            8.26       2.99       
  7    -.8360315083752625E-05            8.53       3.45       
  8     .1500000000000000E+03                               
  9     .6035595235565435E+02             .99       2.77       
 10    -.8719143535916974E+01            1.47       2.41       
 11    -.3782969530027130E-01            2.11        .59       
 12    -.5616335689333990E-02            3.94       1.68       
 13     .2559526362863541E-03            3.62        .31       
 14     .5047693061154726E-03            3.22        .27       
 15    -.2788978694412140E-15           15.55       
 16     .6464811947993242E+04           -1.38       2.43       
 17     .2165134314830784E+04            -.45       2.89       
 18     .4136729263442430E+01           -1.47        .06       
 19     .3337231990767263E+00             .79        .02       
 20    -.2396025753413206E-01            -.14        .01       
 21    -.7082980459401172E-01            -.03       -.03       
 22    -.6057531445838995E+02            -.24       1.55       
 23    -.1635802283124742E+03             .68       2.89       
 24     .2501222803152081E+02             .54       1.95       
 
USED COMPONENTS FOR SCD                    24         23
SCD OF Y (MAXIMUM NORM)                 -2.17       -.03
SCD OF Y (EUCLIDIAN NORM)               -1.58       -.74
USING RELATIVE ERROR YIELDS SCD :                   -.03
 
 LAST STEP SIZE                         .718252D-03
 LAST ORDER OF THE METHOD                      3
 MAXIMUM ORDER USED SO FAR                     3
 TOTAL NUMBER OF STEPS TAKEN                 146
 TOTAL NUMBER OF FAILED STEPS                  7
 NUMBER OF RESIDUAL EVALUATIONS             1100
 NUMBER OF JACOBIAN EVALUATIONS               22
 NUMBER OF FACTORIZATION                      22
 NUMBER OF BACKSOLVES                        549
 NUMBER OF CORRECT DIGITS                      -.03
 CPU TIME                                  .2500
 ---------------------------------------------
 RESULT WITH THE FOLLOWING TOL :
 RTOL = 0.316227766016837994E-03 
 ATOL = 0.316227766016837994E-03 
 
 NUMERICAL SOLUTION
 
                                               SCD
     SOLUTION COMPONENT                  -------------    IGNORE
                                         ABS        REL 
  1     .1499791976606366E+02            2.68       3.86       
  2    -.3320077544333208E+00            3.08       2.60       
  3     .1698489261192548E+00            3.95       3.18       
  4     .1873277413222474E-03            5.70       1.98       
  5     .2384115410729689E-04            7.08       2.45       
  6    -.5343125794697986E-05            7.72       2.44       
  7    -.8387331527843545E-05            7.62       2.54       
  8     .1500000000000000E+03                               
  9     .6016266946285456E+02            1.04       2.82       
 10    -.8783811247955082E+01            1.51       2.46       
 11    -.3656147108717153E-01            2.19        .66       
 12    -.5589522371257070E-02            4.05       1.79       
 13     .2665244600330873E-03            3.64        .33       
 14     .5255115729740048E-03            3.24        .28       
 15     .1470291535483639E-15           15.83       
 16     .6509068468360387E+04           -1.31       2.50       
 17     .2169269072576500E+04            -.13       3.21       
 18     .3828005623474280E+02            -.64        .89       
 19    -.9066145422345274E-01             .58       -.19       
 20     .3285982206954883E-02            -.15        .00       
 21     .5461535349258288E-02             .01        .00       
 22    -.6275768034731691E+02             .37       2.16       
 23    -.1638926176815045E+03             .99       3.21       
 24     .2543286432656984E+02             .87       2.27       
 
USED COMPONENTS FOR SCD                    24         23
SCD OF Y (MAXIMUM NORM)                 -2.17       -.19
SCD OF Y (EUCLIDIAN NORM)               -1.32       -.79
USING RELATIVE ERROR YIELDS SCD :                   -.19
 
 LAST STEP SIZE                         .421348D-03
 LAST ORDER OF THE METHOD                      4
 MAXIMUM ORDER USED SO FAR                     6
 TOTAL NUMBER OF STEPS TAKEN                 278
 TOTAL NUMBER OF FAILED STEPS                  6
 NUMBER OF RESIDUAL EVALUATIONS             1943
 NUMBER OF JACOBIAN EVALUATIONS               38
 NUMBER OF FACTORIZATION                      38
 NUMBER OF BACKSOLVES                        992
 NUMBER OF CORRECT DIGITS                      -.19
 CPU TIME                                  .5700
 ---------------------------------------------
 RESULT WITH THE FOLLOWING TOL :
 RTOL = 0.100000000000000018E-03 
 ATOL = 0.100000000000000018E-03 
 
 NUMERICAL SOLUTION
 
                                               SCD
     SOLUTION COMPONENT                  -------------    IGNORE
                                         ABS        REL 
  1     .1499999999999984E+02           12.79      13.96       
  2    -.3311726346880888E+00            6.06       5.58       
  3     .1697365593075146E+00            6.11       5.34       
  4     .1845065340479866E-03            5.32       1.59       
  5     .2374861589241837E-04            8.05       3.43       
  6    -.5339187645216472E-05            7.82       2.54       
  7    -.8380097572776914E-05            7.77       2.70       
  8     .1500000000000000E+03                               
  9     .6025278421954967E+02            3.17       4.95       
 10    -.8753750575285116E+01            3.20       4.14       
 11    -.3571657669691438E-01            2.25        .73       
 12    -.5643557905864667E-02            3.84       1.58       
 13     .2643145889827412E-03            3.63        .33       
 14     .5217167727862396E-03            3.23        .28       
 15     .2473942167099457E-17           17.61       
 16     .6487780738071239E+04             .03       3.84       
 17     .2166818150325163E+04            -.04       3.29       
 18     .4196215157547064E+02            -.91        .62       
 19     .2896608031743417E+00             .92        .15       
 20    -.3724486871452560E-01            -.14        .01       
 21    -.6290925497897365E-01            -.02       -.03       
 22    -.6269235010499534E+02             .44       2.23       
 23    -.1637074449031137E+03            1.08       3.29       
 24     .2536376246946097E+02            1.19       2.59       
 
USED COMPONENTS FOR SCD                    24         23
SCD OF Y (MAXIMUM NORM)                 -2.17       -.03
SCD OF Y (EUCLIDIAN NORM)                -.92       -.58
USING RELATIVE ERROR YIELDS SCD :                   -.03
 
 LAST STEP SIZE                         .355022D-03
 LAST ORDER OF THE METHOD                      4
 MAXIMUM ORDER USED SO FAR                     4
 TOTAL NUMBER OF STEPS TAKEN                 258
 TOTAL NUMBER OF FAILED STEPS                 13
 NUMBER OF RESIDUAL EVALUATIONS             1681
 NUMBER OF JACOBIAN EVALUATIONS               29
 NUMBER OF FACTORIZATION                      29
 NUMBER OF BACKSOLVES                        955
 NUMBER OF CORRECT DIGITS                      -.03
 CPU TIME                                  .5500
 ---------------------------------------------
 RESULT WITH THE FOLLOWING TOL :
 RTOL = 0.316227766016838021E-04 
 ATOL = 0.316227766016838021E-04 
 
 NUMERICAL SOLUTION
 
                                               SCD
     SOLUTION COMPONENT                  -------------    IGNORE
                                         ABS        REL 
  1     .1499987391263587E+02            3.90       5.08       
  2    -.3312244346196234E+00            4.29       3.81       
  3     .1697445079541705E+00            5.14       4.37       
  4     .1889327970412553E-03            6.41       2.69       
  5     .2383448692912088E-04            7.11       2.49       
  6    -.5336078611268683E-05            7.91       2.64       
  7    -.8375150085851689E-05            7.93       2.85       
  8     .1500000000000000E+03                               
  9     .6024741092775194E+02            2.22       4.00       
 10    -.8755495448957443E+01            2.62       3.57       
 11    -.3097298385302621E-01            3.04       1.52       
 12    -.6220048733828347E-02            3.14        .88       
 13     .2985109390217724E-03            3.70        .40       
 14     .5730444620514533E-03            3.27        .32       
 15    -.1656397145651339E-16           16.78       
 16     .6488945407231767E+04             .65       4.46       
 17     .2166875496460607E+04            -.02       3.32       
 18     .3483291554343285E+02             .04       1.57       
 19    -.1836223671673911E+01            -.30      -1.07       
 20    -.1060351956681598E+00            -.12        .03       
 21    -.1641760897788647E+00            -.06       -.07       
 22    -.6239100308550207E+02            1.21       3.00       
 23    -.1637117774945131E+03            1.10       3.32       
 24     .2530507764155801E+02            2.18       3.59       
 
USED COMPONENTS FOR SCD                    24         23
SCD OF Y (MAXIMUM NORM)                 -2.17      -1.07
SCD OF Y (EUCLIDIAN NORM)                -.48      -2.48
USING RELATIVE ERROR YIELDS SCD :                  -1.07
 
 LAST STEP SIZE                         .167374D-03
 LAST ORDER OF THE METHOD                      4
 MAXIMUM ORDER USED SO FAR                     4
 TOTAL NUMBER OF STEPS TAKEN                 456
 TOTAL NUMBER OF FAILED STEPS                 12
 NUMBER OF RESIDUAL EVALUATIONS             2539
 NUMBER OF JACOBIAN EVALUATIONS               36
 NUMBER OF FACTORIZATION                      36
 NUMBER OF BACKSOLVES                       1638
 NUMBER OF CORRECT DIGITS                     -1.07
 CPU TIME                                  .9700
 ---------------------------------------------
 RESULT WITH THE FOLLOWING TOL :
 RTOL = 0.100000000000000025E-04 
 ATOL = 0.100000000000000025E-04 
 
 NUMERICAL SOLUTION
 
                                               SCD
     SOLUTION COMPONENT                  -------------    IGNORE
                                         ABS        REL 
  1     .1499999999999994E+02           13.21      14.38       
  2    -.3311736353621407E+00            6.86       6.38       
  3     .1697372090956391E+00            6.91       6.14       
  4     .1893433198271762E-03            7.62       3.90       
  5     .2372481514225049E-04            7.49       2.86       
  6    -.5405852843095430E-05            7.09       1.81       
  7    -.8482982874218891E-05            6.92       1.84       
  8     .1500000000000000E+03                               
  9     .6025277032949881E+02            3.16       4.94       
 10    -.8753781675359930E+01            3.18       4.12       
 11    -.2991846241836414E-01            3.86       2.34       
 12    -.5597670995662618E-02            4.01       1.75       
 13     .7334021127400203E-03            3.63        .32       
 14     .4739094254379790E-03            3.20        .24       
 15     .6910058601346255E-17           17.16       
 16     .6495110875286839E+04            -.81       3.01       
 17     .2173592040387396E+04            -.75       2.58       
 18     .3263503079012553E+02            -.11       1.42       
 19     .1608220124256598E+01            -.16       -.93       
 20     .2076209908822850E+01            -.54       -.39       
 21     .6326192459568390E+01            -.73       -.73       
 22    -.6247581066044048E+02             .83       2.63       
 23    -.1642192257876192E+03             .37       2.58       
 24     .2535353981566220E+02            1.26       2.66       
 
USED COMPONENTS FOR SCD                    24         23
SCD OF Y (MAXIMUM NORM)                 -2.17       -.93
SCD OF Y (EUCLIDIAN NORM)               -1.04      -2.34
USING RELATIVE ERROR YIELDS SCD :                   -.93
 
 LAST STEP SIZE                         .376503D-04
 LAST ORDER OF THE METHOD                      7
 MAXIMUM ORDER USED SO FAR                     7
 TOTAL NUMBER OF STEPS TAKEN                1941
 TOTAL NUMBER OF FAILED STEPS                 10
 NUMBER OF RESIDUAL EVALUATIONS            10337
 NUMBER OF JACOBIAN EVALUATIONS              155
 NUMBER OF FACTORIZATION                     155
 NUMBER OF BACKSOLVES                       6461
 NUMBER OF CORRECT DIGITS                      -.93
 CPU TIME                                 4.2100
 ---------------------------------------------
 RESULT WITH THE FOLLOWING TOL :
 RTOL = 0.316227766016838004E-05 
 ATOL = 0.316227766016838004E-05 
 
 NUMERICAL SOLUTION
 
                                               SCD
     SOLUTION COMPONENT                  -------------    IGNORE
                                         ABS        REL 
  1     .1500000000000020E+02           12.70      13.87       
  2    -.3311735119820783E+00            7.88       7.40       
  3     .1697373236947943E+00            8.05       7.28       
  4     .1893209147303315E-03            8.78       5.05       
  5     .2375435141016730E-04            8.50       3.88       
  6    -.5333794279808872E-05            8.00       2.73       
  7    -.8371554696143081E-05            8.08       3.00       
  8     .1500000000000000E+03                               
  9     .6025334542013160E+02            3.92       5.70       
 10    -.8753229937761267E+01            3.95       4.89       
 11    -.3003216130134372E-01            4.63       3.11       
 12    -.5508892570692486E-02            5.08       2.82       
 13     .5910537810100769E-03            4.03        .73       
 14     .9979461158242707E-03            3.97       1.01       
 15    -.3325898261213931E-17           17.48       
 16     .6487351473638235E+04            -.14       3.68       
 17     .2166600544661666E+04            -.12       3.21       
 18     .3416333382747103E+02             .60       2.13       
 19     .1174543818807446E+00            1.28        .51       
 20    -.1759390218318580E+00            -.09        .06       
 21    -.2690184891897704E+00            -.10       -.10       
 22    -.6228700281940534E+02            1.38       3.17       
 23    -.1636910043365256E+03            1.00       3.21       
 24     .2529792293264668E+02            3.22       4.62       
 
USED COMPONENTS FOR SCD                    24         23
SCD OF Y (MAXIMUM NORM)                 -2.17       -.10
SCD OF Y (EUCLIDIAN NORM)                -.42       -.46
USING RELATIVE ERROR YIELDS SCD :                   -.10
 
 LAST STEP SIZE                         .946718D-04
 LAST ORDER OF THE METHOD                      4
 MAXIMUM ORDER USED SO FAR                     7
 TOTAL NUMBER OF STEPS TAKEN                2587
 TOTAL NUMBER OF FAILED STEPS                  6
 NUMBER OF RESIDUAL EVALUATIONS            13056
 NUMBER OF JACOBIAN EVALUATIONS              183
 NUMBER OF FACTORIZATION                     183
 NUMBER OF BACKSOLVES                       8480
 NUMBER OF CORRECT DIGITS                      -.10
 CPU TIME                                 4.8700
 ---------------------------------------------
 RESULT WITH THE FOLLOWING TOL :
 RTOL = 0.100000000000000017E-05 
 ATOL = 0.100000000000000017E-05 
 
 NUMERICAL SOLUTION
 
                                               SCD
     SOLUTION COMPONENT                  -------------    IGNORE
                                         ABS        REL 
  1     .1500000000000119E+02           11.92      13.10       
  2    -.3311734971044276E+00            8.77       8.29       
  3     .1697373345296347E+00            8.73       7.96       
  4     .1893189493654192E-03            9.53       5.80       
  5     .2375770965275968E-04            9.72       5.09       
  6    -.5324750149320291E-05            9.07       3.80       
  7    -.8361650844080343E-05            8.79       3.71       
  8     .1500000000000000E+03                               
  9     .6025336721124866E+02            4.00       5.78       
 10    -.8753208628321184E+01            4.04       4.98       
 11    -.3003609704832078E-01            4.72       3.19       
 12    -.5510540020337837E-02            5.00       2.74       
 13     .5408933325409151E-03            4.37       1.06       
 14     .1018300619552310E-02            4.06       1.11       
 15     .5358484625775885E-18           18.27       
 16     .6487808613026457E+04             .04       3.85       
 17     .2167051927210850E+04             .06       3.40       
 18     .3408519889445711E+02             .77       2.30       
 19     .7432397230471297E-01            1.02        .25       
 20    -.1000098051391750E+01             .38        .53       
 21     .1619452504330572E+00             .08        .08       
 22    -.6230275866738104E+02            1.58       3.38       
 23    -.1637251072110939E+03            1.18       3.40       
 24     .2529568642758288E+02            2.55       3.95       
 
USED COMPONENTS FOR SCD                    24         23
SCD OF Y (MAXIMUM NORM)                 -2.17        .08
SCD OF Y (EUCLIDIAN NORM)                -.20       -.05
USING RELATIVE ERROR YIELDS SCD :                    .08
 
 LAST STEP SIZE                         .316150D-04
 LAST ORDER OF THE METHOD                      7
 MAXIMUM ORDER USED SO FAR                     7
 TOTAL NUMBER OF STEPS TAKEN                3463
 TOTAL NUMBER OF FAILED STEPS                  4
 NUMBER OF RESIDUAL EVALUATIONS            15353
 NUMBER OF JACOBIAN EVALUATIONS              160
 NUMBER OF FACTORIZATION                     160
 NUMBER OF BACKSOLVES                      11352
 NUMBER OF CORRECT DIGITS                       .08
 CPU TIME                                 6.3000
 ---------------------------------------------
 RESULT WITH THE FOLLOWING TOL :
 RTOL = 0.316227766016837972E-06 
 ATOL = 0.316227766016837972E-06 
 
 NUMERICAL SOLUTION
 
                                               SCD
     SOLUTION COMPONENT                  -------------    IGNORE
                                         ABS        REL 
  1     .1500000000000003E+02           13.52      14.70       
  2    -.3311734976423987E+00            8.94       8.46       
  3     .1697373339726271E+00            8.89       8.12       
  4     .1893190599022539E-03            9.73       6.01       
  5     .2375764219053051E-04            9.91       5.28       
  6    -.5324434600070580E-05            9.28       4.00       
  7    -.8362240024338643E-05            8.98       3.90       
  8     .1500000000000000E+03                               
  9     .6025341253520489E+02            4.27       6.05       
 10    -.8753166889507426E+01            4.30       5.24       
 11    -.3004481578665218E-01            4.98       3.45       
 12    -.5505939787974833E-02            5.26       3.00       
 13     .5213473147543587E-03            4.63       1.33       
 14     .1057765734894444E-02            4.33       1.37       
 15    -.7469742806660710E-18           18.13       
 16     .6488141383483805E+04             .24       4.05       
 17     .2167371286226045E+04             .26       3.59       
 18     .3402332249493932E+02             .96       2.49       
 19     .1093730813751663E+00            1.22        .45       
 20    -.1152889057538861E+01             .58        .73       
 21     .4654737675443035E+00             .28        .28       
 22    -.6231235164452446E+02            1.78       3.58       
 23    -.1637492354198879E+03            1.38       3.59       
 24     .2529672536393013E+02            2.74       4.15       
 
USED COMPONENTS FOR SCD                    24         23
SCD OF Y (MAXIMUM NORM)                 -2.17        .28
SCD OF Y (EUCLIDIAN NORM)                 .00        .40
USING RELATIVE ERROR YIELDS SCD :                    .28
 
 LAST STEP SIZE                         .249360D-04
 LAST ORDER OF THE METHOD                      7
 MAXIMUM ORDER USED SO FAR                     7
 TOTAL NUMBER OF STEPS TAKEN                3934
 TOTAL NUMBER OF FAILED STEPS                  0
 NUMBER OF RESIDUAL EVALUATIONS            19515
 NUMBER OF JACOBIAN EVALUATIONS              268
 NUMBER OF FACTORIZATION                     268
 NUMBER OF BACKSOLVES                      12814
 NUMBER OF CORRECT DIGITS                       .28
 CPU TIME                                 7.2700
 ---------------------------------------------
 RESULT WITH THE FOLLOWING TOL :
 RTOL = 0.100000000000000009E-06 
 ATOL = 0.100000000000000009E-06 
 
 NUMERICAL SOLUTION
 
                                               SCD
     SOLUTION COMPONENT                  -------------    IGNORE
                                         ABS        REL 
  1     .1499999999999972E+02           12.55      13.73       
  2    -.3311734986559387E+00            9.87       9.39       
  3     .1697373329988640E+00            9.49       8.72       
  4     .1893192587931269E-03           10.89       7.17       
  5     .2375753094249769E-04           10.91       6.29       
  6    -.5323971134380238E-05           10.20       4.93       
  7    -.8363165851387878E-05            9.93       4.85       
  8     .1500000000000000E+03                               
  9     .6025345042164606E+02            4.79       6.57       
 10    -.8753132103651552E+01            4.82       5.76       
 11    -.3005212477985504E-01            5.49       3.97       
 12    -.5502147941835127E-02            5.78       3.52       
 13     .5048818573893974E-03            5.15       1.85       
 14     .1090643404755773E-02            4.84       1.89       
 15     .3311884989171977E-18           18.48       
 16     .6488659026895539E+04            1.20       5.01       
 17     .2167860759684205E+04            1.20       4.53       
 18     .3392570425944628E+02            1.94       3.48       
 19     .1629632591426898E+00            2.16       1.39       
 20    -.1385295537736289E+01            1.52       1.67       
 21     .9297029953541353E+00            1.22       1.21       
 22    -.6232702491856093E+02            2.72       4.51       
 23    -.1637862161159469E+03            2.32       4.53       
 24     .2529832567737572E+02            3.69       5.09       
 
USED COMPONENTS FOR SCD                    24         23
SCD OF Y (MAXIMUM NORM)                 -2.17       1.21
SCD OF Y (EUCLIDIAN NORM)                 .95       2.54
USING RELATIVE ERROR YIELDS SCD :                   1.21
 
 LAST STEP SIZE                         .203462D-04
 LAST ORDER OF THE METHOD                      7
 MAXIMUM ORDER USED SO FAR                     7
 TOTAL NUMBER OF STEPS TAKEN                4709
 TOTAL NUMBER OF FAILED STEPS                  1
 NUMBER OF RESIDUAL EVALUATIONS            23678
 NUMBER OF JACOBIAN EVALUATIONS              334
 NUMBER OF FACTORIZATION                     334
 NUMBER OF BACKSOLVES                      15327
 NUMBER OF CORRECT DIGITS                      1.21
 CPU TIME                                 9.4200
 ---------------------------------------------
 RESULT WITH THE FOLLOWING TOL :
 RTOL = 0.316227766016837985E-07 
 ATOL = 0.316227766016837985E-07 
 
 NUMERICAL SOLUTION
 
                                               SCD
     SOLUTION COMPONENT                  -------------    IGNORE
                                         ABS        REL 
  1     .1499999999999997E+02           13.50      14.67       
  2    -.3311734987647657E+00           10.58      10.10       
  3     .1697373328998099E+00            9.64       8.87       
  4     .1893192786748575E-03           10.49       6.76       
  5     .2375751932164136E-04           12.18       7.55       
  6    -.5323923883890364E-05           10.80       5.52       
  7    -.8363259471204882E-05           10.63       5.55       
  8     .1500000000000000E+03                               
  9     .6025346030385802E+02            5.19       6.97       
 10    -.8753123003483672E+01            5.22       6.16       
 11    -.3005402263089152E-01            5.87       4.35       
 12    -.5501160230442252E-02            6.17       3.91       
 13     .5005734382934676E-03            5.56       2.26       
 14     .1099247109008858E-02            5.25       2.29       
 15    -.1968172468068126E-19           19.71       
 16     .6488709266207582E+04            1.89       5.70       
 17     .2167910248123593E+04            1.85       5.19       
 18     .3391648759614691E+02            2.67       4.20       
 19     .1683935047283373E+00            2.82       2.05       
 20    -.1408894455052174E+01            2.16       2.31       
 21     .9768503973198845E+00            1.87       1.87       
 22    -.6232850789717802E+02            3.37       5.17       
 23    -.1637899550664961E+03            2.98       5.19       
 24     .2529848701403897E+02            4.35       5.75       
 
USED COMPONENTS FOR SCD                    24         23
SCD OF Y (MAXIMUM NORM)                 -2.17       1.87
SCD OF Y (EUCLIDIAN NORM)                1.61       3.99
USING RELATIVE ERROR YIELDS SCD :                   1.87
 
 LAST STEP SIZE                         .212666D-04
 LAST ORDER OF THE METHOD                      7
 MAXIMUM ORDER USED SO FAR                     7
 TOTAL NUMBER OF STEPS TAKEN                5372
 TOTAL NUMBER OF FAILED STEPS                  1
 NUMBER OF RESIDUAL EVALUATIONS            26732
 NUMBER OF JACOBIAN EVALUATIONS              369
 NUMBER OF FACTORIZATION                     369
 NUMBER OF BACKSOLVES                      17506
 NUMBER OF CORRECT DIGITS                      1.87
 CPU TIME                                 9.8100
 ---------------------------------------------
 RESULT WITH THE FOLLOWING TOL :
 RTOL = 0.100000000000000019E-07 
 ATOL = 0.100000000000000019E-07 
 
 NUMERICAL SOLUTION
 
                                               SCD
     SOLUTION COMPONENT                  -------------    IGNORE
                                         ABS        REL 
  1     .1500000000000164E+02           11.79      12.96       
  2    -.3311734988339806E+00           10.37       9.89       
  3     .1697373328346919E+00            9.79       9.02       
  4     .1893192918640906E-03           10.34       6.62       
  5     .2375751169249844E-04           11.16       6.53       
  6    -.5323892913942311E-05           10.82       5.55       
  7    -.8363321066071459E-05           10.42       5.34       
  8     .1500000000000000E+03                               
  9     .6025346574117166E+02            5.96       7.74       
 10    -.8753117998220405E+01            6.00       6.94       
 11    -.3005506750699106E-01            6.52       5.00       
 12    -.5500614485781590E-02            6.90       4.64       
 13     .4982031034836767E-03            6.42       3.12       
 14     .1103979124704421E-02            6.02       3.06       
 15     .4445492826757844E-19           19.35       
 16     .6488742659577065E+04            1.69       5.50       
 17     .2167942787626678E+04            1.73       5.07       
 18     .3391031440960380E+02            2.39       3.92       
 19     .1719625864160704E+00            2.69       1.92       
 20    -.1424391867353083E+01            2.07       2.22       
 21     .1007815179525540E+01            1.76       1.75       
 22    -.6232948306029889E+02            3.26       5.05       
 23    -.1637924134910391E+03            2.85       5.07       
 24     .2529859319502916E+02            4.21       5.62       
 
USED COMPONENTS FOR SCD                    24         23
SCD OF Y (MAXIMUM NORM)                 -2.17       1.75
SCD OF Y (EUCLIDIAN NORM)                1.47       3.80
USING RELATIVE ERROR YIELDS SCD :                   1.75
 
 LAST STEP SIZE                         .173222D-04
 LAST ORDER OF THE METHOD                      7
 MAXIMUM ORDER USED SO FAR                     7
 TOTAL NUMBER OF STEPS TAKEN                6326
 TOTAL NUMBER OF FAILED STEPS                  1
 NUMBER OF RESIDUAL EVALUATIONS            27445
 NUMBER OF JACOBIAN EVALUATIONS              274
 NUMBER OF FACTORIZATION                     274
 NUMBER OF BACKSOLVES                      20594
 NUMBER OF CORRECT DIGITS                      1.75
 CPU TIME                                11.5700
 ---------------------------------------------
 RESULT WITH THE FOLLOWING TOL :
 RTOL = 0.316227766016837994E-08 
 ATOL = 0.316227766016837994E-08 
 
 NUMERICAL SOLUTION
 
                                               SCD
     SOLUTION COMPONENT                  -------------    IGNORE
                                         ABS        REL 
  1     .1500000000000204E+02           11.69      12.87       
  2    -.3311734988344180E+00           10.36       9.88       
  3     .1697373328340220E+00            9.79       9.02       
  4     .1893192918576062E-03           10.34       6.62       
  5     .2375751158097152E-04           11.15       6.53       
  6    -.5323892605654096E-05           10.81       5.54       
  7    -.8363321679375233E-05           10.41       5.34       
  8     .1500000000000000E+03                               
  9     .6025346682521893E+02            8.91      10.69       
 10    -.8753116998193249E+01            8.08       9.02       
 11    -.3005527522470194E-01            7.03       5.51       
 12    -.5500505317259570E-02            7.77       5.51       
 13     .4977295841216281E-03            7.02       3.72       
 14     .1104924794665408E-02            8.06       5.11       
 15    -.4717559967754889E-20           20.33       
 16     .6488742624590180E+04            1.69       5.50       
 17     .2167943084359690E+04            1.73       5.06       
 18     .3391036626647161E+02            2.40       3.93       
 19     .1719984319721042E+00            2.68       1.91       
 20    -.1424547320693977E+01            2.06       2.21       
 21     .1008132843840537E+01            1.75       1.75       
 22    -.6232949189018130E+02            3.25       5.05       
 23    -.1637924359095543E+03            2.85       5.06       
 24     .2529859409189833E+02            4.21       5.61       
 
USED COMPONENTS FOR SCD                    24         23
SCD OF Y (MAXIMUM NORM)                 -2.17       1.75
SCD OF Y (EUCLIDIAN NORM)                1.46       3.79
USING RELATIVE ERROR YIELDS SCD :                   1.75
 
 LAST STEP SIZE                         .142464D-04
 LAST ORDER OF THE METHOD                      7
 MAXIMUM ORDER USED SO FAR                     7
 TOTAL NUMBER OF STEPS TAKEN                7009
 TOTAL NUMBER OF FAILED STEPS                  1
 NUMBER OF RESIDUAL EVALUATIONS            26539
 NUMBER OF JACOBIAN EVALUATIONS              149
 NUMBER OF FACTORIZATION                     149
 NUMBER OF BACKSOLVES                      22813
 NUMBER OF CORRECT DIGITS                      1.75
 CPU TIME                                11.0000
 ---------------------------------------------
 RESULT WITH THE FOLLOWING TOL :
 RTOL = 0.100000000000000027E-08 
 ATOL = 0.100000000000000027E-08 
 
 NUMERICAL SOLUTION
 
                                               SCD
     SOLUTION COMPONENT                  -------------    IGNORE
                                         ABS        REL 
  1     .1499999999999889E+02           11.95      13.13       
  2    -.3311734988279243E+00           10.43       9.95       
  3     .1697373328415220E+00            9.77       9.00       
  4     .1893192903286708E-03           10.35       6.63       
  5     .2375751233640054E-04           11.20       6.58       
  6    -.5323895995518854E-05           10.92       5.65       
  7    -.8363314834271232E-05           10.50       5.42       
  8     .1500000000000000E+03                               
  9     .6025346732573187E+02            6.30       8.08       
 10    -.8753116535092394E+01            6.34       7.28       
 11    -.3005537085928063E-01            8.55       7.02       
 12    -.5500454592773497E-02            7.47       5.21       
 13     .4975098962661610E-03            6.50       3.20       
 14     .1105362910900786E-02            6.37       3.41       
 15    -.1211523370133450E-20           20.92       
 16     .6488738519428932E+04            1.79       5.60       
 17     .2167939458438419E+04            1.82       5.15       
 18     .3391117377542130E+02            2.50       4.03       
 19     .1716035514694824E+00            2.77       2.00       
 20    -.1422838631358878E+01            2.15       2.30       
 21     .1004722104470871E+01            1.84       1.84       
 22    -.6232938321217132E+02            3.35       5.14       
 23    -.1637921619639418E+03            2.94       5.15       
 24     .2529858219839592E+02            4.30       5.70       
 
USED COMPONENTS FOR SCD                    24         23
SCD OF Y (MAXIMUM NORM)                 -2.17       1.84
SCD OF Y (EUCLIDIAN NORM)                1.56       4.00
USING RELATIVE ERROR YIELDS SCD :                   1.84
 
 LAST STEP SIZE                         .116936D-04
 LAST ORDER OF THE METHOD                      7
 MAXIMUM ORDER USED SO FAR                     7
 TOTAL NUMBER OF STEPS TAKEN                8316
 TOTAL NUMBER OF FAILED STEPS                  1
 NUMBER OF RESIDUAL EVALUATIONS            37327
 NUMBER OF JACOBIAN EVALUATIONS              410
 NUMBER OF FACTORIZATION                     410
 NUMBER OF BACKSOLVES                      27076
 NUMBER OF CORRECT DIGITS                      1.84
 CPU TIME                                13.0000
 ---------------------------------------------
 RESULT WITH THE FOLLOWING TOL :
 RTOL = 0.316227766016838004E-09 
 ATOL = 0.316227766016838004E-09 


 PROBLEM APPEARS UNSOLVABLE WITH GIVEN INPUT
         HMIN REDUCED BY A FACTOR OF 1.0E10


 MEBDFI RETURN INDEX =          -1 
 RESULT WITH THE FOLLOWING TOL :
 RTOL = 0.100000000000000029E-09 
 ATOL = 0.100000000000000029E-09 


 PROBLEM APPEARS UNSOLVABLE WITH GIVEN INPUT
         HMIN REDUCED BY A FACTOR OF 1.0E10


 MEBDFI RETURN INDEX =          -1 
